[debug] [2019-04-07T13:21:56.929Z] ----------------------------------------------------------------------
[debug] [2019-04-07T13:21:56.932Z] Command:       /usr/local/bin/node /usr/local/bin/firebase deploy
[debug] [2019-04-07T13:21:56.933Z] CLI Version:   6.5.0
[debug] [2019-04-07T13:21:56.933Z] Platform:      darwin
[debug] [2019-04-07T13:21:56.933Z] Node Version:  v6.0.0
[debug] [2019-04-07T13:21:56.934Z] Time:          Sun Apr 07 2019 16:21:56 GMT+0300 (IDT)
[debug] [2019-04-07T13:21:56.934Z] ----------------------------------------------------------------------
[debug] 
[debug] [2019-04-07T13:21:56.952Z] > command requires scopes: ["email","openid","https://www.googleapis.com/auth/cloudplatformprojects.readonly","https://www.googleapis.com/auth/firebase","https://www.googleapis.com/auth/cloud-platform"]
[debug] [2019-04-07T13:21:56.952Z] > authorizing via signed-in user
[debug] [2019-04-07T13:21:56.953Z] [iam] checking project dsjj-5820a for permissions ["cloudfunctions.functions.create","cloudfunctions.functions.delete","cloudfunctions.functions.get","cloudfunctions.functions.list","cloudfunctions.functions.update","cloudfunctions.operations.get","firebase.projects.get","firebasehosting.sites.update"]
[debug] [2019-04-07T13:21:56.955Z] > refreshing access token with scopes: ["email","https://www.googleapis.com/auth/cloud-platform","https://www.googleapis.com/auth/cloudplatformprojects.readonly","https://www.googleapis.com/auth/firebase","openid"]
[debug] [2019-04-07T13:21:56.955Z] >>> HTTP REQUEST POST https://www.googleapis.com/oauth2/v3/token  
 <request body omitted>
[debug] [2019-04-07T13:21:57.388Z] <<< HTTP RESPONSE 200
[debug] [2019-04-07T13:21:57.392Z] >>> HTTP REQUEST POST https://cloudresourcemanager.googleapis.com/v1/projects/dsjj-5820a:testIamPermissions  

[debug] [2019-04-07T13:21:58.540Z] <<< HTTP RESPONSE 200
[debug] [2019-04-07T13:21:58.543Z] >>> HTTP REQUEST GET https://firebase.googleapis.com/v1beta1/projects/dsjj-5820a  
 
[debug] [2019-04-07T13:22:00.101Z] <<< HTTP RESPONSE 200
[info] 
[info] === Deploying to 'dsjj-5820a'...
[info] 
[info] i  deploying functions, hosting
[debug] [2019-04-07T13:22:03.105Z] > [functions] package.json contents: {
  "name": "functions",
  "description": "Cloud Functions for Firebase",
  "scripts": {
    "serve": "firebase serve --only functions",
    "shell": "firebase functions:shell",
    "start": "npm run shell",
    "deploy": "firebase deploy --only functions",
    "logs": "firebase functions:log"
  },
  "dependencies": {
    "@google-cloud/storage": "^2.4.3",
    "firebase": "^5.9.1",
    "firebase-admin": "^7.0.0",
    "firebase-functions": "^2.2.0",
    "fs": "0.0.1-security",
    "jimp": "^0.6.0",
    "nodemailer": "^5.1.1",
    "os": "^0.1.1",
    "path": "^0.12.7",
    "qr-image": "^3.2.0"
  },
  "private": true
}
[info] i  functions: ensuring necessary APIs are enabled...
[debug] [2019-04-07T13:22:03.107Z] >>> HTTP REQUEST GET https://servicemanagement.googleapis.com/v1/services/cloudfunctions.googleapis.com/projectSettings/dsjj-5820a?view=CONSUMER_VIEW  
 
[debug] [2019-04-07T13:22:03.108Z] >>> HTTP REQUEST GET https://servicemanagement.googleapis.com/v1/services/runtimeconfig.googleapis.com/projectSettings/dsjj-5820a?view=CONSUMER_VIEW  
 
[debug] [2019-04-07T13:22:04.790Z] <<< HTTP RESPONSE 200
[debug] [2019-04-07T13:22:04.929Z] <<< HTTP RESPONSE 200
[info] ✔  functions: all necessary APIs are enabled
[debug] [2019-04-07T13:22:04.931Z] >>> HTTP REQUEST GET https://cloudresourcemanager.googleapis.com/v1/projects/dsjj-5820a  
 
[debug] [2019-04-07T13:22:07.169Z] <<< HTTP RESPONSE 200
[debug] [2019-04-07T13:22:07.170Z] >>> HTTP REQUEST GET https://mobilesdk-pa.googleapis.com/v1/projects/110627329033:getServerAppConfig  
 
[debug] [2019-04-07T13:22:07.745Z] <<< HTTP RESPONSE 200
[debug] [2019-04-07T13:22:07.748Z] >>> HTTP REQUEST POST https://firebasehosting.googleapis.com/v1beta1/sites/dsjj-5820a/versions  

[debug] [2019-04-07T13:22:09.597Z] <<< HTTP RESPONSE 200
[info] i  functions: preparing functions directory for uploading...
[debug] [2019-04-07T13:22:09.600Z] >>> HTTP REQUEST GET https://runtimeconfig.googleapis.com/v1beta1/projects/dsjj-5820a/configs  
 
[debug] [2019-04-07T13:22:10.150Z] <<< HTTP RESPONSE 200
[info] i  functions: packaged functions (2.89 KB) for uploading
[debug] [2019-04-07T13:22:11.125Z] >>> HTTP REQUEST POST https://cloudfunctions.googleapis.com/v1/projects/dsjj-5820a/locations/us-central1/functions:generateUploadUrl  
 
[debug] [2019-04-07T13:22:12.879Z] <<< HTTP RESPONSE 200
[debug] [2019-04-07T13:22:12.880Z] >>> HTTP REQUEST PUT https://storage.googleapis.com/gcf-upload-us-central1-91e66fc7-02a9-432e-b2ef-d213eff4a380/47f8cf50-31c9-49cb-b541-ec12541be8df.zip?GoogleAccessId=service-110627329033@gcf-admin-robot.iam.gserviceaccount.com&Expires=1554645132&Signature=dt6Y4pqVX1y8j2uDRivyG8IeC5rr2%2Bgd51OpOpl9%2F6otE%2BVu1ALJdlp28bEO2Zd4Xf68YV24MnEzydvPRAGdlEirUYVxtMT66U0tQPrmwq7SWWdjn4Ec7o1Ht2EOXZ9uMbO%2Fr8MSi1Rb5rUMKTrvR0BkK8PfXwOU7CPwtKZSqlEBoSBxgVan05xuKIswcEuBMMT90qnmMPipaAWFFhwQOj6ON5Ep2L6oDIB17MiaL%2FbdZbXp4sLOBoMsFpKGR2EF2IM%2ByZJ0t0ZqHhe%2FzyuB38ioR%2FXyLVN%2F3ia8TGgHvNdEzQgAShZYU1hWySBBSXVFSAf9JfQP9J5NLYeLfnucqg%3D%3D  

[debug] [2019-04-07T13:22:13.444Z] <<< HTTP RESPONSE 200
[info] ✔  functions: functions folder uploaded successfully
[info] i  hosting[dsjj-5820a]: beginning deploy...
[info] i  hosting[dsjj-5820a]: found 29 files in dist
[debug] [2019-04-07T13:22:13.474Z] [hosting] hash cache [ZGlzdA] load error: lines is not defined
[debug] [2019-04-07T13:22:14.524Z] [hosting] hash cache [ZGlzdA] stored for 29 files
[debug] [2019-04-07T13:22:14.524Z] [hosting][hash queue][FINAL]
[debug] [2019-04-07T13:22:14.525Z] >>> HTTP REQUEST POST https://firebasehosting.googleapis.com/v1beta1/sites/dsjj-5820a/versions/9bd435bf013e396c:populateFiles  
 <request body omitted>
[debug] [2019-04-07T13:22:17.793Z] <<< HTTP RESPONSE 200
[debug] [2019-04-07T13:22:17.806Z] [hosting][populate queue][FINAL]
[debug] [2019-04-07T13:22:17.806Z] [hosting] uploads queued: 6
[debug] [2019-04-07T13:22:25.575Z] [hosting][upload queue][FINAL]
[info] ✔  hosting[dsjj-5820a]: file upload complete
[debug] [2019-04-07T13:22:25.576Z] [hosting] deploy completed after 12130ms
[debug] [2019-04-07T13:22:25.579Z] >>> HTTP REQUEST GET https://cloudfunctions.googleapis.com/v1/projects/dsjj-5820a/locations/-/functions  
 
[debug] [2019-04-07T13:22:26.292Z] <<< HTTP RESPONSE 200
[info] i  functions: updating Node.js 6 function createUser(us-central1)...
[debug] [2019-04-07T13:22:26.296Z] Trigger is:  {"httpsTrigger":{}}
[info] i  functions: updating Node.js 6 function createCard(us-central1)...
[debug] [2019-04-07T13:22:26.297Z] Trigger is:  {"httpsTrigger":{}}
[debug] [2019-04-07T13:22:26.299Z] >>> HTTP REQUEST PATCH https://cloudfunctions.googleapis.com/v1/projects/dsjj-5820a/locations/us-central1/functions/createUser {"updateMask":"sourceUploadUrl,name,labels,httpsTrigger"} 

[debug] [2019-04-07T13:22:26.301Z] >>> HTTP REQUEST PATCH https://cloudfunctions.googleapis.com/v1/projects/dsjj-5820a/locations/us-central1/functions/createCard {"updateMask":"sourceUploadUrl,name,labels,httpsTrigger"} 

[debug] [2019-04-07T13:22:27.006Z] <<< HTTP RESPONSE 200
[debug] [2019-04-07T13:22:27.115Z] <<< HTTP RESPONSE 200
[debug] [2019-04-07T13:22:27.118Z] >>> HTTP REQUEST GET https://cloudfunctions.googleapis.com/v1/projects/dsjj-5820a/locations/-/functions  
 
[debug] [2019-04-07T13:22:27.831Z] <<< HTTP RESPONSE 200
[debug] [2019-04-07T13:22:27.834Z] >>> HTTP REQUEST GET https://cloudfunctions.googleapis.com/v1/operations/ZHNqai01ODIwYS91cy1jZW50cmFsMS9jcmVhdGVVc2VyL2FCTlRTM2VZRmlz  
 
[debug] [2019-04-07T13:22:27.835Z] >>> HTTP REQUEST GET https://cloudfunctions.googleapis.com/v1/operations/ZHNqai01ODIwYS91cy1jZW50cmFsMS9jcmVhdGVDYXJkL2x3Nm9RWEJsSERZ  
 
[debug] [2019-04-07T13:22:29.279Z] <<< HTTP RESPONSE 200
[debug] [2019-04-07T13:22:29.315Z] <<< HTTP RESPONSE 200
[debug] [2019-04-07T13:22:31.285Z] >>> HTTP REQUEST GET https://cloudfunctions.googleapis.com/v1/operations/ZHNqai01ODIwYS91cy1jZW50cmFsMS9jcmVhdGVVc2VyL2FCTlRTM2VZRmlz  
 
[debug] [2019-04-07T13:22:31.318Z] >>> HTTP REQUEST GET https://cloudfunctions.googleapis.com/v1/operations/ZHNqai01ODIwYS91cy1jZW50cmFsMS9jcmVhdGVDYXJkL2x3Nm9RWEJsSERZ  
 
[debug] [2019-04-07T13:22:31.737Z] <<< HTTP RESPONSE 200
[debug] [2019-04-07T13:22:31.801Z] <<< HTTP RESPONSE 200
